<?xml version="1.0" encoding="UTF-8"?>
<!-- Generated by org.testng.reporters.JUnitReportReporter -->
<testsuite skipped="0" hostname="Muhammads-Air.fios-router.home" name="org.usmanacademy.DemoTest" tests="5" failures="0" timestamp="30 Jul 2021 19:09:28 GMT" time="22.309" errors="0">
  <testcase name="roundTrip" time="5.018" classname="org.usmanacademy.DemoTest"/>
  <testcase name="multiCityTrip" time="6.639" classname="org.usmanacademy.DemoTest"/>
  <testcase name="roundTrip" time="5.405" classname="org.usmanacademy.DemoTest"/>
  <testcase name="flightTest" time="0.327" classname="org.usmanacademy.DemoTest"/>
  <testcase name="multiCityTrip" time="4.920" classname="org.usmanacademy.DemoTest"/>
</testsuite> <!-- org.usmanacademy.DemoTest -->
