<?xml version="1.0" encoding="UTF-8"?>
<!-- Generated by org.testng.reporters.JUnitReportReporter -->
<testsuite skipped="0" hostname="Muhammads-Air.fios-router.home" name="org.usmanacademy.DemoTest" tests="5" failures="0" timestamp="29 Jul 2021 19:09:54 GMT" time="19.425" errors="0">
  <testcase name="multiCityTrip" time="4.191" classname="org.usmanacademy.DemoTest"/>
  <testcase name="flightTest" time="0.310" classname="org.usmanacademy.DemoTest"/>
  <testcase name="roundTrip" time="3.216" classname="org.usmanacademy.DemoTest"/>
  <testcase name="multiCityTrip" time="4.734" classname="org.usmanacademy.DemoTest"/>
  <testcase name="roundTrip" time="6.974" classname="org.usmanacademy.DemoTest"/>
</testsuite> <!-- org.usmanacademy.DemoTest -->
